Flow report for Resursos_Fmax_CC
Fri Mar 25 19:24:47 2022
Quartus Prime Version 17.1.1 Internal Build 593 12/11/2017 SJ Standard Edition


---------------------
; Table of Contents ;
---------------------
  1. Legal Notice
  2. Flow Summary
  3. Flow Settings
  4. Flow Non-Default Global Settings
  5. Flow Elapsed Time
  6. Flow OS Summary
  7. Flow Log
  8. Flow Messages
  9. Flow Suppressed Messages



----------------
; Legal Notice ;
----------------
Copyright (C) 2017  Intel Corporation. All rights reserved.
Your use of Intel Corporation's design tools, logic functions 
and other software and tools, and its AMPP partner logic 
functions, and any output files from any of the foregoing 
(including device programming or simulation files), and any 
associated documentation or information are expressly subject 
to the terms and conditions of the Intel Program License 
Subscription Agreement, the Intel Quartus Prime License Agreement,
the Intel FPGA IP License Agreement, or other applicable license
agreement, including, without limitation, that your use is for
the sole purpose of programming logic devices manufactured by
Intel and sold by Intel or its authorized distributors.  Please
refer to the applicable agreement for further details.



+-----------------------------------------------------------------------------------------------+
; Flow Summary                                                                                  ;
+------------------------------------+----------------------------------------------------------+
; Flow Status                        ; Successful - Fri Mar 25 19:24:43 2022                    ;
; Quartus Prime Version              ; 17.1.1 Internal Build 593 12/11/2017 SJ Standard Edition ;
; Revision Name                      ; Resursos_Fmax_CC                                         ;
; Top-level Entity Name              ; DP_MOD_wrap                                              ;
; Family                             ; Cyclone IV E                                             ;
; Device                             ; EP4CE115F29C7                                            ;
; Timing Models                      ; Final                                                    ;
; Total logic elements               ; 225 / 114,480 ( < 1 % )                                  ;
;     Total combinational functions  ; 126 / 114,480 ( < 1 % )                                  ;
;     Dedicated logic registers      ; 195 / 114,480 ( < 1 % )                                  ;
; Total registers                    ; 195                                                      ;
; Total pins                         ; 93 / 529 ( 18 % )                                        ;
; Total virtual pins                 ; 0                                                        ;
; Total memory bits                  ; 131,072 / 3,981,312 ( 3 % )                              ;
; Embedded Multiplier 9-bit elements ; 6 / 532 ( 1 % )                                          ;
; Total PLLs                         ; 0 / 4 ( 0 % )                                            ;
+------------------------------------+----------------------------------------------------------+


+-----------------------------------------+
; Flow Settings                           ;
+-------------------+---------------------+
; Option            ; Setting             ;
+-------------------+---------------------+
; Start date & time ; 03/25/2022 19:24:06 ;
; Main task         ; Compilation         ;
; Revision Name     ; Resursos_Fmax_CC    ;
+-------------------+---------------------+


+----------------------------------------------------------------------------------------------------------------------------+
; Flow Non-Default Global Settings                                                                                           ;
+-------------------------------------+----------------------------------------+------------------+-------------+------------+
; Assignment Name                     ; Value                                  ; Default Value    ; Entity Name ; Section Id ;
+-------------------------------------+----------------------------------------+------------------+-------------+------------+
; COMPILER_SIGNATURE_ID               ; 242211430917473.164823264503188        ; --               ; --          ; --         ;
; MAX_CORE_JUNCTION_TEMP              ; 85                                     ; --               ; --          ; --         ;
; MIN_CORE_JUNCTION_TEMP              ; 0                                      ; --               ; --          ; --         ;
; PARTITION_COLOR                     ; -- (Not supported for targeted family) ; --               ; DP_MOD_wrap ; Top        ;
; PARTITION_FITTER_PRESERVATION_LEVEL ; -- (Not supported for targeted family) ; --               ; DP_MOD_wrap ; Top        ;
; PARTITION_NETLIST_TYPE              ; -- (Not supported for targeted family) ; --               ; DP_MOD_wrap ; Top        ;
; POWER_BOARD_THERMAL_MODEL           ; None (CONSERVATIVE)                    ; --               ; --          ; --         ;
; POWER_PRESET_COOLING_SOLUTION       ; 23 MM HEAT SINK WITH 200 LFPM AIRFLOW  ; --               ; --          ; --         ;
; PROJECT_OUTPUT_DIRECTORY            ; output_files                           ; --               ; --          ; --         ;
; TOP_LEVEL_ENTITY                    ; DP_MOD_wrap                            ; Resursos_Fmax_CC ; --          ; --         ;
+-------------------------------------+----------------------------------------+------------------+-------------+------------+


+-------------------------------------------------------------------------------------------------------------------------------+
; Flow Elapsed Time                                                                                                             ;
+---------------------------+--------------+-------------------------+---------------------+------------------------------------+
; Module Name               ; Elapsed Time ; Average Processors Used ; Peak Virtual Memory ; Total CPU Time (on all processors) ;
+---------------------------+--------------+-------------------------+---------------------+------------------------------------+
; Analysis & Synthesis      ; 00:00:11     ; 1.0                     ; 4782 MB             ; 00:00:25                           ;
; Fitter                    ; 00:00:21     ; 1.0                     ; 5744 MB             ; 00:00:30                           ;
; Assembler                 ; 00:00:03     ; 1.0                     ; 4682 MB             ; 00:00:03                           ;
; TimeQuest Timing Analyzer ; 00:00:03     ; 1.1                     ; 4847 MB             ; 00:00:02                           ;
; Total                     ; 00:00:38     ; --                      ; --                  ; 00:01:00                           ;
+---------------------------+--------------+-------------------------+---------------------+------------------------------------+


+-----------------------------------------------------------------------------------------+
; Flow OS Summary                                                                         ;
+---------------------------+------------------+------------+------------+----------------+
; Module Name               ; Machine Hostname ; OS Name    ; OS Version ; Processor type ;
+---------------------------+------------------+------------+------------+----------------+
; Analysis & Synthesis      ; labpro07         ; Windows 10 ; 10.0       ; x86_64         ;
; Fitter                    ; labpro07         ; Windows 10 ; 10.0       ; x86_64         ;
; Assembler                 ; labpro07         ; Windows 10 ; 10.0       ; x86_64         ;
; TimeQuest Timing Analyzer ; labpro07         ; Windows 10 ; 10.0       ; x86_64         ;
+---------------------------+------------------+------------+------------+----------------+


------------
; Flow Log ;
------------
quartus_map --read_settings_files=on --write_settings_files=off Resursos_Fmax_CC -c Resursos_Fmax_CC
quartus_fit --read_settings_files=off --write_settings_files=off Resursos_Fmax_CC -c Resursos_Fmax_CC
quartus_asm --read_settings_files=off --write_settings_files=off Resursos_Fmax_CC -c Resursos_Fmax_CC
quartus_sta Resursos_Fmax_CC -c Resursos_Fmax_CC



