Flow report for Quartus_Simulations
Fri May 06 19:49:48 2022
Quartus Prime Version 17.1.1 Internal Build 593 12/11/2017 SJ Standard Edition


---------------------
; Table of Contents ;
---------------------
  1. Legal Notice
  2. Flow Summary
  3. Flow Settings
  4. Flow Non-Default Global Settings
  5. Flow Elapsed Time
  6. Flow OS Summary
  7. Flow Log
  8. Flow Messages
  9. Flow Suppressed Messages



----------------
; Legal Notice ;
----------------
Copyright (C) 2017  Intel Corporation. All rights reserved.
Your use of Intel Corporation's design tools, logic functions 
and other software and tools, and its AMPP partner logic 
functions, and any output files from any of the foregoing 
(including device programming or simulation files), and any 
associated documentation or information are expressly subject 
to the terms and conditions of the Intel Program License 
Subscription Agreement, the Intel Quartus Prime License Agreement,
the Intel FPGA IP License Agreement, or other applicable license
agreement, including, without limitation, that your use is for
the sole purpose of programming logic devices manufactured by
Intel and sold by Intel or its authorized distributors.  Please
refer to the applicable agreement for further details.



+-----------------------------------------------------------------------------------------------+
; Flow Summary                                                                                  ;
+------------------------------------+----------------------------------------------------------+
; Flow Status                        ; Successful - Fri May 06 19:49:48 2022                    ;
; Quartus Prime Version              ; 17.1.1 Internal Build 593 12/11/2017 SJ Standard Edition ;
; Revision Name                      ; Quartus_Simulations                                      ;
; Top-level Entity Name              ; SEC_FILTER                                               ;
; Family                             ; Cyclone IV E                                             ;
; Device                             ; EP4CE115F29C7                                            ;
; Timing Models                      ; Final                                                    ;
; Total logic elements               ; 446 / 114,480 ( < 1 % )                                  ;
;     Total combinational functions  ; 290 / 114,480 ( < 1 % )                                  ;
;     Dedicated logic registers      ; 352 / 114,480 ( < 1 % )                                  ;
; Total registers                    ; 352                                                      ;
; Total pins                         ; 39 / 529 ( 7 % )                                         ;
; Total virtual pins                 ; 0                                                        ;
; Total memory bits                  ; 306 / 3,981,312 ( < 1 % )                                ;
; Embedded Multiplier 9-bit elements ; 2 / 532 ( < 1 % )                                        ;
; Total PLLs                         ; 0 / 4 ( 0 % )                                            ;
+------------------------------------+----------------------------------------------------------+


+-----------------------------------------+
; Flow Settings                           ;
+-------------------+---------------------+
; Option            ; Setting             ;
+-------------------+---------------------+
; Start date & time ; 05/06/2022 19:49:16 ;
; Main task         ; Compilation         ;
; Revision Name     ; Quartus_Simulations ;
+-------------------+---------------------+


+------------------------------------------------------------------------------------------------------------------------------------+
; Flow Non-Default Global Settings                                                                                                   ;
+--------------------------------------+----------------------------------------+---------------------+-------------+----------------+
; Assignment Name                      ; Value                                  ; Default Value       ; Entity Name ; Section Id     ;
+--------------------------------------+----------------------------------------+---------------------+-------------+----------------+
; COMPILER_SIGNATURE_ID                ; 242211430917473.165185935510372        ; --                  ; --          ; --             ;
; EDA_DESIGN_INSTANCE_NAME             ; SEC_FILTER                             ; --                  ; --          ; TB_SEC_FILTER  ;
; EDA_NATIVELINK_SIMULATION_TEST_BENCH ; TB_SEC_FILTER                          ; --                  ; --          ; eda_simulation ;
; EDA_OUTPUT_DATA_FORMAT               ; Verilog Hdl                            ; --                  ; --          ; eda_simulation ;
; EDA_SIMULATION_TOOL                  ; ModelSim-Altera (Verilog)              ; <None>              ; --          ; --             ;
; EDA_TEST_BENCH_ENABLE_STATUS         ; TEST_BENCH_MODE                        ; --                  ; --          ; eda_simulation ;
; EDA_TEST_BENCH_FILE                  ; TB_SEC_FILTER.v                        ; --                  ; --          ; TB_SEC_FILTER  ;
; EDA_TEST_BENCH_MODULE_NAME           ; TB_SEC_FILTER                          ; --                  ; --          ; TB_SEC_FILTER  ;
; EDA_TEST_BENCH_NAME                  ; TB_SEC_FILTER                          ; --                  ; --          ; eda_simulation ;
; EDA_TIME_SCALE                       ; 1 ps                                   ; --                  ; --          ; eda_simulation ;
; MAX_CORE_JUNCTION_TEMP               ; 85                                     ; --                  ; --          ; --             ;
; MIN_CORE_JUNCTION_TEMP               ; 0                                      ; --                  ; --          ; --             ;
; PARTITION_COLOR                      ; -- (Not supported for targeted family) ; --                  ; SEC_FILTER  ; Top            ;
; PARTITION_FITTER_PRESERVATION_LEVEL  ; -- (Not supported for targeted family) ; --                  ; SEC_FILTER  ; Top            ;
; PARTITION_NETLIST_TYPE               ; -- (Not supported for targeted family) ; --                  ; SEC_FILTER  ; Top            ;
; POWER_BOARD_THERMAL_MODEL            ; None (CONSERVATIVE)                    ; --                  ; --          ; --             ;
; POWER_PRESET_COOLING_SOLUTION        ; 23 MM HEAT SINK WITH 200 LFPM AIRFLOW  ; --                  ; --          ; --             ;
; PROJECT_OUTPUT_DIRECTORY             ; output_files                           ; --                  ; --          ; --             ;
; TOP_LEVEL_ENTITY                     ; SEC_FILTER                             ; Quartus_Simulations ; --          ; --             ;
+--------------------------------------+----------------------------------------+---------------------+-------------+----------------+


+-------------------------------------------------------------------------------------------------------------------------------+
; Flow Elapsed Time                                                                                                             ;
+---------------------------+--------------+-------------------------+---------------------+------------------------------------+
; Module Name               ; Elapsed Time ; Average Processors Used ; Peak Virtual Memory ; Total CPU Time (on all processors) ;
+---------------------------+--------------+-------------------------+---------------------+------------------------------------+
; Analysis & Synthesis      ; 00:00:11     ; 1.0                     ; 4796 MB             ; 00:00:23                           ;
; Fitter                    ; 00:00:12     ; 1.0                     ; 5753 MB             ; 00:00:18                           ;
; Assembler                 ; 00:00:03     ; 1.0                     ; 4681 MB             ; 00:00:03                           ;
; TimeQuest Timing Analyzer ; 00:00:02     ; 1.1                     ; 4852 MB             ; 00:00:02                           ;
; EDA Netlist Writer        ; 00:00:01     ; 1.0                     ; 4652 MB             ; 00:00:01                           ;
; Total                     ; 00:00:29     ; --                      ; --                  ; 00:00:47                           ;
+---------------------------+--------------+-------------------------+---------------------+------------------------------------+


+-----------------------------------------------------------------------------------------+
; Flow OS Summary                                                                         ;
+---------------------------+------------------+------------+------------+----------------+
; Module Name               ; Machine Hostname ; OS Name    ; OS Version ; Processor type ;
+---------------------------+------------------+------------+------------+----------------+
; Analysis & Synthesis      ; labpro07         ; Windows 10 ; 10.0       ; x86_64         ;
; Fitter                    ; labpro07         ; Windows 10 ; 10.0       ; x86_64         ;
; Assembler                 ; labpro07         ; Windows 10 ; 10.0       ; x86_64         ;
; TimeQuest Timing Analyzer ; labpro07         ; Windows 10 ; 10.0       ; x86_64         ;
; EDA Netlist Writer        ; labpro07         ; Windows 10 ; 10.0       ; x86_64         ;
+---------------------------+------------------+------------+------------+----------------+


------------
; Flow Log ;
------------
quartus_map --read_settings_files=on --write_settings_files=off Quartus_Simulations -c Quartus_Simulations
quartus_fit --read_settings_files=off --write_settings_files=off Quartus_Simulations -c Quartus_Simulations
quartus_asm --read_settings_files=off --write_settings_files=off Quartus_Simulations -c Quartus_Simulations
quartus_sta Quartus_Simulations -c Quartus_Simulations
quartus_eda --read_settings_files=off --write_settings_files=off Quartus_Simulations -c Quartus_Simulations



