Analysis & Synthesis report for Quartus_Simulations
Sun May 08 18:08:12 2022
Quartus Prime Version 17.1.1 Internal Build 593 12/11/2017 SJ Lite Edition


---------------------
; Table of Contents ;
---------------------
  1. Legal Notice
  2. Analysis & Synthesis Summary
  3. Analysis & Synthesis Settings
  4. Parallel Compilation
  5. Analysis & Synthesis Source Files Read
  6. Analysis & Synthesis Resource Usage Summary
  7. Analysis & Synthesis Resource Utilization by Entity
  8. Analysis & Synthesis RAM Summary
  9. General Register Statistics
 10. Registers Packed Into Inferred Megafunctions
 11. Source assignments for altsyncram:ROM_rtl_0|altsyncram_rg91:auto_generated
 12. Parameter Settings for User Entity Instance: Top-level Entity: |ROM
 13. Parameter Settings for Inferred Entity Instance: altsyncram:ROM_rtl_0
 14. altsyncram Parameter Settings by Entity Instance
 15. Post-Synthesis Netlist Statistics for Top Partition
 16. Elapsed Time Per Partition
 17. Analysis & Synthesis Messages



----------------
; Legal Notice ;
----------------
Copyright (C) 2017  Intel Corporation. All rights reserved.
Your use of Intel Corporation's design tools, logic functions 
and other software and tools, and its AMPP partner logic 
functions, and any output files from any of the foregoing 
(including device programming or simulation files), and any 
associated documentation or information are expressly subject 
to the terms and conditions of the Intel Program License 
Subscription Agreement, the Intel Quartus Prime License Agreement,
the Intel FPGA IP License Agreement, or other applicable license
agreement, including, without limitation, that your use is for
the sole purpose of programming logic devices manufactured by
Intel and sold by Intel or its authorized distributors.  Please
refer to the applicable agreement for further details.



+-------------------------------------------------------------------------------------------+
; Analysis & Synthesis Summary                                                              ;
+------------------------------------+------------------------------------------------------+
; Analysis & Synthesis Status        ; Successful - Sun May 08 18:08:12 2022                ;
; Quartus Prime Version              ; 17.1.1 Internal Build 593 12/11/2017 SJ Lite Edition ;
; Revision Name                      ; Quartus_Simulations                                  ;
; Top-level Entity Name              ; ROM                                                  ;
; Family                             ; Cyclone IV E                                         ;
; Total logic elements               ; 0                                                    ;
;     Total combinational functions  ; 0                                                    ;
;     Dedicated logic registers      ; 0                                                    ;
; Total registers                    ; 0                                                    ;
; Total pins                         ; 24                                                   ;
; Total virtual pins                 ; 0                                                    ;
; Total memory bits                  ; 306                                                  ;
; Embedded Multiplier 9-bit elements ; 0                                                    ;
; Total PLLs                         ; 0                                                    ;
+------------------------------------+------------------------------------------------------+


+-----------------------------------------------------------------------------------------------------------------------+
; Analysis & Synthesis Settings                                                                                         ;
+----------------------------------------------------------------------------+--------------------+---------------------+
; Option                                                                     ; Setting            ; Default Value       ;
+----------------------------------------------------------------------------+--------------------+---------------------+
; Device                                                                     ; EP4CE115F29C7      ;                     ;
; Top-level entity name                                                      ; ROM                ; Quartus_Simulations ;
; Family name                                                                ; Cyclone IV E       ; Cyclone V           ;
; Use smart compilation                                                      ; Off                ; Off                 ;
; Enable parallel Assembler and TimeQuest Timing Analyzer during compilation ; On                 ; On                  ;
; Enable compact report table                                                ; Off                ; Off                 ;
; Restructure Multiplexers                                                   ; Auto               ; Auto                ;
; Create Debugging Nodes for IP Cores                                        ; Off                ; Off                 ;
; Preserve fewer node names                                                  ; On                 ; On                  ;
; Intel FPGA IP Evaluation Mode                                              ; Enable             ; Enable              ;
; Verilog Version                                                            ; Verilog_2001       ; Verilog_2001        ;
; VHDL Version                                                               ; VHDL_1993          ; VHDL_1993           ;
; State Machine Processing                                                   ; Auto               ; Auto                ;
; Safe State Machine                                                         ; Off                ; Off                 ;
; Extract Verilog State Machines                                             ; On                 ; On                  ;
; Extract VHDL State Machines                                                ; On                 ; On                  ;
; Ignore Verilog initial constructs                                          ; Off                ; Off                 ;
; Iteration limit for constant Verilog loops                                 ; 5000               ; 5000                ;
; Iteration limit for non-constant Verilog loops                             ; 250                ; 250                 ;
; Add Pass-Through Logic to Inferred RAMs                                    ; On                 ; On                  ;
; Infer RAMs from Raw Logic                                                  ; On                 ; On                  ;
; Parallel Synthesis                                                         ; On                 ; On                  ;
; DSP Block Balancing                                                        ; Auto               ; Auto                ;
; NOT Gate Push-Back                                                         ; On                 ; On                  ;
; Power-Up Don't Care                                                        ; On                 ; On                  ;
; Remove Redundant Logic Cells                                               ; Off                ; Off                 ;
; Remove Duplicate Registers                                                 ; On                 ; On                  ;
; Ignore CARRY Buffers                                                       ; Off                ; Off                 ;
; Ignore CASCADE Buffers                                                     ; Off                ; Off                 ;
; Ignore GLOBAL Buffers                                                      ; Off                ; Off                 ;
; Ignore ROW GLOBAL Buffers                                                  ; Off                ; Off                 ;
; Ignore LCELL Buffers                                                       ; Off                ; Off                 ;
; Ignore SOFT Buffers                                                        ; On                 ; On                  ;
; Limit AHDL Integers to 32 Bits                                             ; Off                ; Off                 ;
; Optimization Technique                                                     ; Balanced           ; Balanced            ;
; Carry Chain Length                                                         ; 70                 ; 70                  ;
; Auto Carry Chains                                                          ; On                 ; On                  ;
; Auto Open-Drain Pins                                                       ; On                 ; On                  ;
; Perform WYSIWYG Primitive Resynthesis                                      ; Off                ; Off                 ;
; Auto ROM Replacement                                                       ; On                 ; On                  ;
; Auto RAM Replacement                                                       ; On                 ; On                  ;
; Auto DSP Block Replacement                                                 ; On                 ; On                  ;
; Auto Shift Register Replacement                                            ; Auto               ; Auto                ;
; Allow Shift Register Merging across Hierarchies                            ; Auto               ; Auto                ;
; Auto Clock Enable Replacement                                              ; On                 ; On                  ;
; Strict RAM Replacement                                                     ; Off                ; Off                 ;
; Allow Synchronous Control Signals                                          ; On                 ; On                  ;
; Force Use of Synchronous Clear Signals                                     ; Off                ; Off                 ;
; Auto RAM Block Balancing                                                   ; On                 ; On                  ;
; Auto RAM to Logic Cell Conversion                                          ; Off                ; Off                 ;
; Auto Resource Sharing                                                      ; Off                ; Off                 ;
; Allow Any RAM Size For Recognition                                         ; Off                ; Off                 ;
; Allow Any ROM Size For Recognition                                         ; Off                ; Off                 ;
; Allow Any Shift Register Size For Recognition                              ; Off                ; Off                 ;
; Use LogicLock Constraints during Resource Balancing                        ; On                 ; On                  ;
; Ignore translate_off and synthesis_off directives                          ; Off                ; Off                 ;
; Timing-Driven Synthesis                                                    ; On                 ; On                  ;
; Report Parameter Settings                                                  ; On                 ; On                  ;
; Report Source Assignments                                                  ; On                 ; On                  ;
; Report Connectivity Checks                                                 ; On                 ; On                  ;
; Ignore Maximum Fan-Out Assignments                                         ; Off                ; Off                 ;
; Synchronization Register Chain Length                                      ; 2                  ; 2                   ;
; Power Optimization During Synthesis                                        ; Normal compilation ; Normal compilation  ;
; HDL message level                                                          ; Level2             ; Level2              ;
; Suppress Register Optimization Related Messages                            ; Off                ; Off                 ;
; Number of Removed Registers Reported in Synthesis Report                   ; 5000               ; 5000                ;
; Number of Swept Nodes Reported in Synthesis Report                         ; 5000               ; 5000                ;
; Number of Inverted Registers Reported in Synthesis Report                  ; 100                ; 100                 ;
; Clock MUX Protection                                                       ; On                 ; On                  ;
; Auto Gated Clock Conversion                                                ; Off                ; Off                 ;
; Block Design Naming                                                        ; Auto               ; Auto                ;
; SDC constraint protection                                                  ; Off                ; Off                 ;
; Synthesis Effort                                                           ; Auto               ; Auto                ;
; Shift Register Replacement - Allow Asynchronous Clear Signal               ; On                 ; On                  ;
; Pre-Mapping Resynthesis Optimization                                       ; Off                ; Off                 ;
; Analysis & Synthesis Message Level                                         ; Medium             ; Medium              ;
; Disable Register Merging Across Hierarchies                                ; Auto               ; Auto                ;
; Resource Aware Inference For Block RAM                                     ; On                 ; On                  ;
+----------------------------------------------------------------------------+--------------------+---------------------+


+------------------------------------------+
; Parallel Compilation                     ;
+----------------------------+-------------+
; Processors                 ; Number      ;
+----------------------------+-------------+
; Number detected on machine ; 4           ;
; Maximum allowed            ; 2           ;
;                            ;             ;
; Average used               ; 1.00        ;
; Maximum used               ; 1           ;
;                            ;             ;
; Usage by Processor         ; % Time Used ;
;     Processor 1            ; 100.0%      ;
+----------------------------+-------------+


+--------------------------------------------------------------------------------------------------------------------------------------------------------------------------------------------------------------------------------------------------+
; Analysis & Synthesis Source Files Read                                                                                                                                                                                                           ;
+-----------------------------------------------+-----------------+-------------------------------------------------------+--------------------------------------------------------------------------------------------------------------+---------+
; File Name with User-Entered Path              ; Used in Netlist ; File Type                                             ; File Name with Absolute Path                                                                                 ; Library ;
+-----------------------------------------------+-----------------+-------------------------------------------------------+--------------------------------------------------------------------------------------------------------------+---------+
; ROM.v                                         ; yes             ; User Verilog HDL File                                 ; C:/Users/jose_/Documents/UPV/MUISE_21_22/PSFPGA/Practica4/E4_1/ROM.v                                         ;         ;
; coef.txt                                      ; yes             ; Auto-Found File                                       ; C:/Users/jose_/Documents/UPV/MUISE_21_22/PSFPGA/Practica4/E4_1/coef.txt                                      ;         ;
; altsyncram.tdf                                ; yes             ; Megafunction                                          ; c:/intelfpga_lite/17.1/quartus/libraries/megafunctions/altsyncram.tdf                                        ;         ;
; stratix_ram_block.inc                         ; yes             ; Megafunction                                          ; c:/intelfpga_lite/17.1/quartus/libraries/megafunctions/stratix_ram_block.inc                                 ;         ;
; lpm_mux.inc                                   ; yes             ; Megafunction                                          ; c:/intelfpga_lite/17.1/quartus/libraries/megafunctions/lpm_mux.inc                                           ;         ;
; lpm_decode.inc                                ; yes             ; Megafunction                                          ; c:/intelfpga_lite/17.1/quartus/libraries/megafunctions/lpm_decode.inc                                        ;         ;
; aglobal171.inc                                ; yes             ; Megafunction                                          ; c:/intelfpga_lite/17.1/quartus/libraries/megafunctions/aglobal171.inc                                        ;         ;
; a_rdenreg.inc                                 ; yes             ; Megafunction                                          ; c:/intelfpga_lite/17.1/quartus/libraries/megafunctions/a_rdenreg.inc                                         ;         ;
; altrom.inc                                    ; yes             ; Megafunction                                          ; c:/intelfpga_lite/17.1/quartus/libraries/megafunctions/altrom.inc                                            ;         ;
; altram.inc                                    ; yes             ; Megafunction                                          ; c:/intelfpga_lite/17.1/quartus/libraries/megafunctions/altram.inc                                            ;         ;
; altdpram.inc                                  ; yes             ; Megafunction                                          ; c:/intelfpga_lite/17.1/quartus/libraries/megafunctions/altdpram.inc                                          ;         ;
; db/altsyncram_rg91.tdf                        ; yes             ; Auto-Generated Megafunction                           ; C:/Users/jose_/Documents/UPV/MUISE_21_22/PSFPGA/Practica4/E4_1/db/altsyncram_rg91.tdf                        ;         ;
; db/quartus_simulations.ram0_rom_16bd8.hdl.mif ; yes             ; Auto-Generated Auto-Found Memory Initialization File  ; C:/Users/jose_/Documents/UPV/MUISE_21_22/PSFPGA/Practica4/E4_1/db/quartus_simulations.ram0_rom_16bd8.hdl.mif ;         ;
+-----------------------------------------------+-----------------+-------------------------------------------------------+--------------------------------------------------------------------------------------------------------------+---------+


+---------------------------------------------------------+
; Analysis & Synthesis Resource Usage Summary             ;
+---------------------------------------------+-----------+
; Resource                                    ; Usage     ;
+---------------------------------------------+-----------+
;                                             ;           ;
; Total combinational functions               ; 0         ;
; Logic element usage by number of LUT inputs ;           ;
;     -- 4 input functions                    ; 0         ;
;     -- 3 input functions                    ; 0         ;
;     -- <=2 input functions                  ; 0         ;
;                                             ;           ;
; Logic elements by mode                      ;           ;
;     -- normal mode                          ; 0         ;
;     -- arithmetic mode                      ; 0         ;
;                                             ;           ;
; Total registers                             ; 0         ;
;     -- Dedicated logic registers            ; 0         ;
;     -- I/O registers                        ; 0         ;
;                                             ;           ;
; I/O pins                                    ; 24        ;
; Total memory bits                           ; 306       ;
;                                             ;           ;
; Embedded Multiplier 9-bit elements          ; 0         ;
;                                             ;           ;
; Maximum fan-out node                        ; clk~input ;
; Maximum fan-out                             ; 18        ;
; Total fan-out                               ; 150       ;
; Average fan-out                             ; 2.27      ;
+---------------------------------------------+-----------+


+---------------------------------------------------------------------------------------------------------------------------------------------------------------------------------------------------------------------------------------------------------------+
; Analysis & Synthesis Resource Utilization by Entity                                                                                                                                                                                                           ;
+----------------------------------------+---------------------+---------------------------+-------------+--------------+---------+-----------+------+--------------+----------------------------------------------------------+-----------------+--------------+
; Compilation Hierarchy Node             ; Combinational ALUTs ; Dedicated Logic Registers ; Memory Bits ; DSP Elements ; DSP 9x9 ; DSP 18x18 ; Pins ; Virtual Pins ; Full Hierarchy Name                                      ; Entity Name     ; Library Name ;
+----------------------------------------+---------------------+---------------------------+-------------+--------------+---------+-----------+------+--------------+----------------------------------------------------------+-----------------+--------------+
; |ROM                                   ; 0 (0)               ; 0 (0)                     ; 306         ; 0            ; 0       ; 0         ; 24   ; 0            ; |ROM                                                     ; ROM             ; work         ;
;    |altsyncram:ROM_rtl_0|              ; 0 (0)               ; 0 (0)                     ; 306         ; 0            ; 0       ; 0         ; 0    ; 0            ; |ROM|altsyncram:ROM_rtl_0                                ; altsyncram      ; work         ;
;       |altsyncram_rg91:auto_generated| ; 0 (0)               ; 0 (0)                     ; 306         ; 0            ; 0       ; 0         ; 0    ; 0            ; |ROM|altsyncram:ROM_rtl_0|altsyncram_rg91:auto_generated ; altsyncram_rg91 ; work         ;
+----------------------------------------+---------------------+---------------------------+-------------+--------------+---------+-----------+------+--------------+----------------------------------------------------------+-----------------+--------------+
Note: For table entries with two numbers listed, the numbers in parentheses indicate the number of resources of the given type used by the specific entity alone. The numbers listed outside of parentheses indicate the total resources of the given type used by the specific entity and all of its sub-entities in the hierarchy.


+-------------------------------------------------------------------------------------------------------------------------------------------------------------------------------------------------+
; Analysis & Synthesis RAM Summary                                                                                                                                                                ;
+----------------------------------------------------------------+------+------+--------------+--------------+--------------+--------------+------+-----------------------------------------------+
; Name                                                           ; Type ; Mode ; Port A Depth ; Port A Width ; Port B Depth ; Port B Width ; Size ; MIF                                           ;
+----------------------------------------------------------------+------+------+--------------+--------------+--------------+--------------+------+-----------------------------------------------+
; altsyncram:ROM_rtl_0|altsyncram_rg91:auto_generated|ALTSYNCRAM ; M9K  ; ROM  ; 17           ; 18           ; --           ; --           ; 306  ; db/Quartus_Simulations.ram0_ROM_16bd8.hdl.mif ;
+----------------------------------------------------------------+------+------+--------------+--------------+--------------+--------------+------+-----------------------------------------------+


+------------------------------------------------------+
; General Register Statistics                          ;
+----------------------------------------------+-------+
; Statistic                                    ; Value ;
+----------------------------------------------+-------+
; Total registers                              ; 0     ;
; Number of registers using Synchronous Clear  ; 0     ;
; Number of registers using Synchronous Load   ; 0     ;
; Number of registers using Asynchronous Clear ; 0     ;
; Number of registers using Asynchronous Load  ; 0     ;
; Number of registers using Clock Enable       ; 0     ;
; Number of registers using Preset             ; 0     ;
+----------------------------------------------+-------+


+----------------------------------------------+
; Registers Packed Into Inferred Megafunctions ;
+---------------+--------------+---------------+
; Register Name ; Megafunction ; Type          ;
+---------------+--------------+---------------+
; data[0]~reg0  ; ROM_rtl_0    ; RAM           ;
; data[1]~reg0  ; ROM_rtl_0    ; RAM           ;
; data[2]~reg0  ; ROM_rtl_0    ; RAM           ;
; data[3]~reg0  ; ROM_rtl_0    ; RAM           ;
; data[4]~reg0  ; ROM_rtl_0    ; RAM           ;
; data[5]~reg0  ; ROM_rtl_0    ; RAM           ;
; data[6]~reg0  ; ROM_rtl_0    ; RAM           ;
; data[7]~reg0  ; ROM_rtl_0    ; RAM           ;
; data[8]~reg0  ; ROM_rtl_0    ; RAM           ;
; data[9]~reg0  ; ROM_rtl_0    ; RAM           ;
; data[10]~reg0 ; ROM_rtl_0    ; RAM           ;
; data[11]~reg0 ; ROM_rtl_0    ; RAM           ;
; data[12]~reg0 ; ROM_rtl_0    ; RAM           ;
; data[13]~reg0 ; ROM_rtl_0    ; RAM           ;
; data[14]~reg0 ; ROM_rtl_0    ; RAM           ;
; data[15]~reg0 ; ROM_rtl_0    ; RAM           ;
; data[16]~reg0 ; ROM_rtl_0    ; RAM           ;
; data[17]~reg0 ; ROM_rtl_0    ; RAM           ;
+---------------+--------------+---------------+


+----------------------------------------------------------------------------+
; Source assignments for altsyncram:ROM_rtl_0|altsyncram_rg91:auto_generated ;
+---------------------------------+--------------------+------+--------------+
; Assignment                      ; Value              ; From ; To           ;
+---------------------------------+--------------------+------+--------------+
; OPTIMIZE_POWER_DURING_SYNTHESIS ; NORMAL_COMPILATION ; -    ; -            ;
+---------------------------------+--------------------+------+--------------+


+---------------------------------------------------------------------+
; Parameter Settings for User Entity Instance: Top-level Entity: |ROM ;
+----------------+-------+--------------------------------------------+
; Parameter Name ; Value ; Type                                       ;
+----------------+-------+--------------------------------------------+
; Wc             ; 18    ; Signed Integer                             ;
; Num_coef       ; 17    ; Signed Integer                             ;
+----------------+-------+--------------------------------------------+
Note: In order to hide this table in the UI and the text report file, please set the "Show Parameter Settings in Synthesis Report" option in "Analysis and Synthesis Settings -> More Settings" to "Off".


+-----------------------------------------------------------------------------------------------------+
; Parameter Settings for Inferred Entity Instance: altsyncram:ROM_rtl_0                               ;
+------------------------------------+-----------------------------------------------+----------------+
; Parameter Name                     ; Value                                         ; Type           ;
+------------------------------------+-----------------------------------------------+----------------+
; BYTE_SIZE_BLOCK                    ; 8                                             ; Untyped        ;
; AUTO_CARRY_CHAINS                  ; ON                                            ; AUTO_CARRY     ;
; IGNORE_CARRY_BUFFERS               ; OFF                                           ; IGNORE_CARRY   ;
; AUTO_CASCADE_CHAINS                ; ON                                            ; AUTO_CASCADE   ;
; IGNORE_CASCADE_BUFFERS             ; OFF                                           ; IGNORE_CASCADE ;
; WIDTH_BYTEENA                      ; 1                                             ; Untyped        ;
; OPERATION_MODE                     ; ROM                                           ; Untyped        ;
; WIDTH_A                            ; 18                                            ; Untyped        ;
; WIDTHAD_A                          ; 5                                             ; Untyped        ;
; NUMWORDS_A                         ; 17                                            ; Untyped        ;
; OUTDATA_REG_A                      ; UNREGISTERED                                  ; Untyped        ;
; ADDRESS_ACLR_A                     ; NONE                                          ; Untyped        ;
; OUTDATA_ACLR_A                     ; NONE                                          ; Untyped        ;
; WRCONTROL_ACLR_A                   ; NONE                                          ; Untyped        ;
; INDATA_ACLR_A                      ; NONE                                          ; Untyped        ;
; BYTEENA_ACLR_A                     ; NONE                                          ; Untyped        ;
; WIDTH_B                            ; 1                                             ; Untyped        ;
; WIDTHAD_B                          ; 1                                             ; Untyped        ;
; NUMWORDS_B                         ; 1                                             ; Untyped        ;
; INDATA_REG_B                       ; CLOCK1                                        ; Untyped        ;
; WRCONTROL_WRADDRESS_REG_B          ; CLOCK1                                        ; Untyped        ;
; RDCONTROL_REG_B                    ; CLOCK1                                        ; Untyped        ;
; ADDRESS_REG_B                      ; CLOCK1                                        ; Untyped        ;
; OUTDATA_REG_B                      ; UNREGISTERED                                  ; Untyped        ;
; BYTEENA_REG_B                      ; CLOCK1                                        ; Untyped        ;
; INDATA_ACLR_B                      ; NONE                                          ; Untyped        ;
; WRCONTROL_ACLR_B                   ; NONE                                          ; Untyped        ;
; ADDRESS_ACLR_B                     ; NONE                                          ; Untyped        ;
; OUTDATA_ACLR_B                     ; NONE                                          ; Untyped        ;
; RDCONTROL_ACLR_B                   ; NONE                                          ; Untyped        ;
; BYTEENA_ACLR_B                     ; NONE                                          ; Untyped        ;
; WIDTH_BYTEENA_A                    ; 1                                             ; Untyped        ;
; WIDTH_BYTEENA_B                    ; 1                                             ; Untyped        ;
; RAM_BLOCK_TYPE                     ; M9K                                           ; Untyped        ;
; BYTE_SIZE                          ; 8                                             ; Untyped        ;
; READ_DURING_WRITE_MODE_MIXED_PORTS ; DONT_CARE                                     ; Untyped        ;
; READ_DURING_WRITE_MODE_PORT_A      ; NEW_DATA_NO_NBE_READ                          ; Untyped        ;
; READ_DURING_WRITE_MODE_PORT_B      ; NEW_DATA_NO_NBE_READ                          ; Untyped        ;
; INIT_FILE                          ; db/Quartus_Simulations.ram0_ROM_16bd8.hdl.mif ; Untyped        ;
; INIT_FILE_LAYOUT                   ; PORT_A                                        ; Untyped        ;
; MAXIMUM_DEPTH                      ; 0                                             ; Untyped        ;
; CLOCK_ENABLE_INPUT_A               ; NORMAL                                        ; Untyped        ;
; CLOCK_ENABLE_INPUT_B               ; NORMAL                                        ; Untyped        ;
; CLOCK_ENABLE_OUTPUT_A              ; NORMAL                                        ; Untyped        ;
; CLOCK_ENABLE_OUTPUT_B              ; NORMAL                                        ; Untyped        ;
; CLOCK_ENABLE_CORE_A                ; USE_INPUT_CLKEN                               ; Untyped        ;
; CLOCK_ENABLE_CORE_B                ; USE_INPUT_CLKEN                               ; Untyped        ;
; ENABLE_ECC                         ; FALSE                                         ; Untyped        ;
; ECC_PIPELINE_STAGE_ENABLED         ; FALSE                                         ; Untyped        ;
; WIDTH_ECCSTATUS                    ; 3                                             ; Untyped        ;
; DEVICE_FAMILY                      ; Cyclone IV E                                  ; Untyped        ;
; CBXI_PARAMETER                     ; altsyncram_rg91                               ; Untyped        ;
+------------------------------------+-----------------------------------------------+----------------+
Note: In order to hide this table in the UI and the text report file, please set the "Show Parameter Settings in Synthesis Report" option in "Analysis and Synthesis Settings -> More Settings" to "Off".


+------------------------------------------------------------------+
; altsyncram Parameter Settings by Entity Instance                 ;
+-------------------------------------------+----------------------+
; Name                                      ; Value                ;
+-------------------------------------------+----------------------+
; Number of entity instances                ; 1                    ;
; Entity Instance                           ; altsyncram:ROM_rtl_0 ;
;     -- OPERATION_MODE                     ; ROM                  ;
;     -- WIDTH_A                            ; 18                   ;
;     -- NUMWORDS_A                         ; 17                   ;
;     -- OUTDATA_REG_A                      ; UNREGISTERED         ;
;     -- WIDTH_B                            ; 1                    ;
;     -- NUMWORDS_B                         ; 1                    ;
;     -- ADDRESS_REG_B                      ; CLOCK1               ;
;     -- OUTDATA_REG_B                      ; UNREGISTERED         ;
;     -- RAM_BLOCK_TYPE                     ; M9K                  ;
;     -- READ_DURING_WRITE_MODE_MIXED_PORTS ; DONT_CARE            ;
+-------------------------------------------+----------------------+


+-----------------------------------------------------+
; Post-Synthesis Netlist Statistics for Top Partition ;
+----------------------+------------------------------+
; Type                 ; Count                        ;
+----------------------+------------------------------+
; boundary_port        ; 24                           ;
; cycloneiii_ram_block ; 18                           ;
;                      ;                              ;
; Max LUT depth        ; 0.00                         ;
; Average LUT depth    ; 0.00                         ;
+----------------------+------------------------------+


+-------------------------------+
; Elapsed Time Per Partition    ;
+----------------+--------------+
; Partition Name ; Elapsed Time ;
+----------------+--------------+
; Top            ; 00:00:04     ;
+----------------+--------------+


+-------------------------------+
; Analysis & Synthesis Messages ;
+-------------------------------+
Info: *******************************************************************
Info: Running Quartus Prime Analysis & Synthesis
    Info: Version 17.1.1 Internal Build 593 12/11/2017 SJ Lite Edition
    Info: Processing started: Sun May 08 18:07:29 2022
Info: Command: quartus_map --read_settings_files=on --write_settings_files=off Quartus_Simulations -c Quartus_Simulations
Warning (18236): Number of processors has not been specified which may cause overloading on shared machines.  Set the global assignment NUM_PARALLEL_PROCESSORS in your QSF to an appropriate value for best performance.
Info (20030): Parallel compilation is enabled and will use 2 of the 2 processors detected
Info (12021): Found 1 design units, including 1 entities, in source file sec_filter.v
    Info (12023): Found entity 1: SEC_FILTER File: C:/Users/jose_/Documents/UPV/MUISE_21_22/PSFPGA/Practica4/E4_1/SEC_FILTER.v Line: 1
Info (12021): Found 1 design units, including 1 entities, in source file rom.v
    Info (12023): Found entity 1: ROM File: C:/Users/jose_/Documents/UPV/MUISE_21_22/PSFPGA/Practica4/E4_1/ROM.v Line: 1
Info (12021): Found 1 design units, including 1 entities, in source file reg_mux.v
    Info (12023): Found entity 1: REG_MUX File: C:/Users/jose_/Documents/UPV/MUISE_21_22/PSFPGA/Practica4/E4_1/REG_MUX.v Line: 1
Info (12021): Found 1 design units, including 1 entities, in source file mult_acc.v
    Info (12023): Found entity 1: MULT_ACC File: C:/Users/jose_/Documents/UPV/MUISE_21_22/PSFPGA/Practica4/E4_1/MULT_ACC.v Line: 2
Info (12021): Found 1 design units, including 1 entities, in source file control.v
    Info (12023): Found entity 1: CONTROL File: C:/Users/jose_/Documents/UPV/MUISE_21_22/PSFPGA/Practica4/E4_1/CONTROL.v Line: 1
Warning (10222): Verilog HDL Parameter Declaration warning at CONTROL.v(17): Parameter Declaration in module "CONTROL" behaves as a Local Parameter Declaration because the module has a Module Parameter Port List File: C:/Users/jose_/Documents/UPV/MUISE_21_22/PSFPGA/Practica4/E4_1/CONTROL.v Line: 17
Info (12127): Elaborating entity "ROM" for the top level hierarchy
Warning (10030): Net "ROM.data_a" at ROM.v(10) has no driver or initial value, using a default initial value '0' File: C:/Users/jose_/Documents/UPV/MUISE_21_22/PSFPGA/Practica4/E4_1/ROM.v Line: 10
Warning (10030): Net "ROM.waddr_a" at ROM.v(10) has no driver or initial value, using a default initial value '0' File: C:/Users/jose_/Documents/UPV/MUISE_21_22/PSFPGA/Practica4/E4_1/ROM.v Line: 10
Warning (10030): Net "ROM.we_a" at ROM.v(10) has no driver or initial value, using a default initial value '0' File: C:/Users/jose_/Documents/UPV/MUISE_21_22/PSFPGA/Practica4/E4_1/ROM.v Line: 10
Info (19000): Inferred 1 megafunctions from design logic
    Info (276029): Inferred altsyncram megafunction from the following design logic: "ROM_rtl_0" 
        Info (286033): Parameter OPERATION_MODE set to ROM
        Info (286033): Parameter WIDTH_A set to 18
        Info (286033): Parameter WIDTHAD_A set to 5
        Info (286033): Parameter NUMWORDS_A set to 17
        Info (286033): Parameter OUTDATA_REG_A set to UNREGISTERED
        Info (286033): Parameter ADDRESS_ACLR_A set to NONE
        Info (286033): Parameter OUTDATA_ACLR_A set to NONE
        Info (286033): Parameter INDATA_ACLR_A set to NONE
        Info (286033): Parameter WRCONTROL_ACLR_A set to NONE
        Info (286033): Parameter RAM_BLOCK_TYPE set to M9K
        Info (286033): Parameter INIT_FILE set to db/Quartus_Simulations.ram0_ROM_16bd8.hdl.mif
Info (12130): Elaborated megafunction instantiation "altsyncram:ROM_rtl_0"
Info (12133): Instantiated megafunction "altsyncram:ROM_rtl_0" with the following parameter:
    Info (12134): Parameter "OPERATION_MODE" = "ROM"
    Info (12134): Parameter "WIDTH_A" = "18"
    Info (12134): Parameter "WIDTHAD_A" = "5"
    Info (12134): Parameter "NUMWORDS_A" = "17"
    Info (12134): Parameter "OUTDATA_REG_A" = "UNREGISTERED"
    Info (12134): Parameter "ADDRESS_ACLR_A" = "NONE"
    Info (12134): Parameter "OUTDATA_ACLR_A" = "NONE"
    Info (12134): Parameter "INDATA_ACLR_A" = "NONE"
    Info (12134): Parameter "WRCONTROL_ACLR_A" = "NONE"
    Info (12134): Parameter "RAM_BLOCK_TYPE" = "M9K"
    Info (12134): Parameter "INIT_FILE" = "db/Quartus_Simulations.ram0_ROM_16bd8.hdl.mif"
Info (12021): Found 1 design units, including 1 entities, in source file db/altsyncram_rg91.tdf
    Info (12023): Found entity 1: altsyncram_rg91 File: C:/Users/jose_/Documents/UPV/MUISE_21_22/PSFPGA/Practica4/E4_1/db/altsyncram_rg91.tdf Line: 27
Info (16010): Generating hard_block partition "hard_block:auto_generated_inst"
    Info (16011): Adding 0 node(s), including 0 DDIO, 0 PLL, 0 transceiver and 0 LCELL
Info (21057): Implemented 42 device resources after synthesis - the final resource count might be different
    Info (21058): Implemented 6 input pins
    Info (21059): Implemented 18 output pins
    Info (21064): Implemented 18 RAM segments
Info: Quartus Prime Analysis & Synthesis was successful. 0 errors, 6 warnings
    Info: Peak virtual memory: 4758 megabytes
    Info: Processing ended: Sun May 08 18:08:13 2022
    Info: Elapsed time: 00:00:44
    Info: Total CPU time (on all processors): 00:00:39


