Flow report for DDS_TimeQuest
Tue Mar 01 12:21:26 2022
Quartus Prime Version 17.1.1 Internal Build 593 12/11/2017 SJ Standard Edition


---------------------
; Table of Contents ;
---------------------
  1. Legal Notice
  2. Flow Summary
  3. Flow Settings
  4. Flow Non-Default Global Settings
  5. Flow Elapsed Time
  6. Flow OS Summary
  7. Flow Log
  8. Flow Messages
  9. Flow Suppressed Messages



----------------
; Legal Notice ;
----------------
Copyright (C) 2017  Intel Corporation. All rights reserved.
Your use of Intel Corporation's design tools, logic functions 
and other software and tools, and its AMPP partner logic 
functions, and any output files from any of the foregoing 
(including device programming or simulation files), and any 
associated documentation or information are expressly subject 
to the terms and conditions of the Intel Program License 
Subscription Agreement, the Intel Quartus Prime License Agreement,
the Intel FPGA IP License Agreement, or other applicable license
agreement, including, without limitation, that your use is for
the sole purpose of programming logic devices manufactured by
Intel and sold by Intel or its authorized distributors.  Please
refer to the applicable agreement for further details.



+-----------------------------------------------------------------------------------------------+
; Flow Summary                                                                                  ;
+------------------------------------+----------------------------------------------------------+
; Flow Status                        ; Successful - Tue Mar 01 12:21:23 2022                    ;
; Quartus Prime Version              ; 17.1.1 Internal Build 593 12/11/2017 SJ Standard Edition ;
; Revision Name                      ; DDS_TimeQuest                                            ;
; Top-level Entity Name              ; DDS_test                                                 ;
; Family                             ; Cyclone IV E                                             ;
; Device                             ; EP4CE115F29C7                                            ;
; Timing Models                      ; Final                                                    ;
; Total logic elements               ; 133 / 114,480 ( < 1 % )                                  ;
;     Total combinational functions  ; 86 / 114,480 ( < 1 % )                                   ;
;     Dedicated logic registers      ; 113 / 114,480 ( < 1 % )                                  ;
; Total registers                    ; 113                                                      ;
; Total pins                         ; 74 / 529 ( 14 % )                                        ;
; Total virtual pins                 ; 0                                                        ;
; Total memory bits                  ; 114,688 / 3,981,312 ( 3 % )                              ;
; Embedded Multiplier 9-bit elements ; 0 / 532 ( 0 % )                                          ;
; Total PLLs                         ; 0 / 4 ( 0 % )                                            ;
+------------------------------------+----------------------------------------------------------+


+-----------------------------------------+
; Flow Settings                           ;
+-------------------+---------------------+
; Option            ; Setting             ;
+-------------------+---------------------+
; Start date & time ; 03/01/2022 12:20:47 ;
; Main task         ; Compilation         ;
; Revision Name     ; DDS_TimeQuest       ;
+-------------------+---------------------+


+-------------------------------------------------------------------------------------------------------------------------+
; Flow Non-Default Global Settings                                                                                        ;
+-------------------------------------+----------------------------------------+---------------+-------------+------------+
; Assignment Name                     ; Value                                  ; Default Value ; Entity Name ; Section Id ;
+-------------------------------------+----------------------------------------+---------------+-------------+------------+
; COMPILER_SIGNATURE_ID               ; 242211430917473.164613364612616        ; --            ; --          ; --         ;
; MAX_CORE_JUNCTION_TEMP              ; 85                                     ; --            ; --          ; --         ;
; MIN_CORE_JUNCTION_TEMP              ; 0                                      ; --            ; --          ; --         ;
; NOMINAL_CORE_SUPPLY_VOLTAGE         ; 1.2V                                   ; --            ; --          ; --         ;
; PARTITION_COLOR                     ; -- (Not supported for targeted family) ; --            ; DDS_test    ; Top        ;
; PARTITION_FITTER_PRESERVATION_LEVEL ; -- (Not supported for targeted family) ; --            ; DDS_test    ; Top        ;
; PARTITION_NETLIST_TYPE              ; -- (Not supported for targeted family) ; --            ; DDS_test    ; Top        ;
; POWER_BOARD_THERMAL_MODEL           ; None (CONSERVATIVE)                    ; --            ; --          ; --         ;
; POWER_PRESET_COOLING_SOLUTION       ; 23 MM HEAT SINK WITH 200 LFPM AIRFLOW  ; --            ; --          ; --         ;
; PROJECT_OUTPUT_DIRECTORY            ; output_files                           ; --            ; --          ; --         ;
; TOP_LEVEL_ENTITY                    ; DDS_test                               ; DDS_TimeQuest ; --          ; --         ;
+-------------------------------------+----------------------------------------+---------------+-------------+------------+


+-------------------------------------------------------------------------------------------------------------------------------+
; Flow Elapsed Time                                                                                                             ;
+---------------------------+--------------+-------------------------+---------------------+------------------------------------+
; Module Name               ; Elapsed Time ; Average Processors Used ; Peak Virtual Memory ; Total CPU Time (on all processors) ;
+---------------------------+--------------+-------------------------+---------------------+------------------------------------+
; Analysis & Synthesis      ; 00:00:11     ; 1.0                     ; 4776 MB             ; 00:00:24                           ;
; Fitter                    ; 00:00:19     ; 1.0                     ; 5743 MB             ; 00:00:28                           ;
; Assembler                 ; 00:00:03     ; 1.0                     ; 4679 MB             ; 00:00:03                           ;
; TimeQuest Timing Analyzer ; 00:00:02     ; 1.0                     ; 4845 MB             ; 00:00:02                           ;
; Total                     ; 00:00:35     ; --                      ; --                  ; 00:00:57                           ;
+---------------------------+--------------+-------------------------+---------------------+------------------------------------+


+-----------------------------------------------------------------------------------------+
; Flow OS Summary                                                                         ;
+---------------------------+------------------+------------+------------+----------------+
; Module Name               ; Machine Hostname ; OS Name    ; OS Version ; Processor type ;
+---------------------------+------------------+------------+------------+----------------+
; Analysis & Synthesis      ; labpro07         ; Windows 10 ; 10.0       ; x86_64         ;
; Fitter                    ; labpro07         ; Windows 10 ; 10.0       ; x86_64         ;
; Assembler                 ; labpro07         ; Windows 10 ; 10.0       ; x86_64         ;
; TimeQuest Timing Analyzer ; labpro07         ; Windows 10 ; 10.0       ; x86_64         ;
+---------------------------+------------------+------------+------------+----------------+


------------
; Flow Log ;
------------
quartus_map --read_settings_files=on --write_settings_files=off DDS_TimeQuest -c DDS_TimeQuest
quartus_fit --read_settings_files=off --write_settings_files=off DDS_TimeQuest -c DDS_TimeQuest
quartus_asm --read_settings_files=off --write_settings_files=off DDS_TimeQuest -c DDS_TimeQuest
quartus_sta DDS_TimeQuest -c DDS_TimeQuest



